<?xml version="1.0" encoding="UTF-8"?>
<!-- Generated by org.testng.reporters.JUnitXMLReporter -->
<testsuite hostname="DESKTOP-8HC3KF0" name="Default test" tests="10" failures="0" timestamp="26 Sep 2021 12:07:35 GMT" time="52.85" errors="0">
  <testcase name="runScenario" time="19.288" classname="com.urbanladder.runner.runner"/>
  <testcase name="runScenario" time="3.242" classname="com.urbanladder.runner.runner"/>
  <testcase name="runScenario" time="9.39" classname="com.urbanladder.runner.runner"/>
  <testcase name="runScenario" time="1.753" classname="com.urbanladder.runner.runner"/>
  <testcase name="runScenario" time="1.628" classname="com.urbanladder.runner.runner"/>
  <testcase name="runScenario" time="1.391" classname="com.urbanladder.runner.runner"/>
  <testcase name="runScenario" time="1.545" classname="com.urbanladder.runner.runner"/>
  <testcase name="runScenario" time="2.602" classname="com.urbanladder.runner.runner"/>
  <testcase name="runScenario" time="9.261" classname="com.urbanladder.runner.runner"/>
  <testcase name="runScenario" time="2.11" classname="com.urbanladder.runner.runner"/>
</testsuite> <!-- Default test -->
