<?xml version="1.0" encoding="UTF-8"?>
<!-- Generated by org.testng.reporters.JUnitXMLReporter -->
<testsuite hostname="DESKTOP-8HC3KF0" name="Test" tests="10" failures="0" timestamp="27 Sep 2021 08:02:44 GMT" time="100.684" errors="0">
  <testcase name="runScenario" time="25.505" classname="com.urbanladder.runner.runner"/>
  <testcase name="runScenario" time="6.914" classname="com.urbanladder.runner.runner"/>
  <testcase name="runScenario" time="12.585" classname="com.urbanladder.runner.runner"/>
  <testcase name="runScenario" time="8.684" classname="com.urbanladder.runner.runner"/>
  <testcase name="runScenario" time="8.426" classname="com.urbanladder.runner.runner"/>
  <testcase name="runScenario" time="8.647" classname="com.urbanladder.runner.runner"/>
  <testcase name="runScenario" time="8.581" classname="com.urbanladder.runner.runner"/>
  <testcase name="runScenario" time="8.315" classname="com.urbanladder.runner.runner"/>
  <testcase name="runScenario" time="9.793" classname="com.urbanladder.runner.runner"/>
  <testcase name="runScenario" time="2.356" classname="com.urbanladder.runner.runner"/>
</testsuite> <!-- Test -->
