<?xml version="1.0" encoding="UTF-8"?>
<!-- Generated by org.testng.reporters.JUnitXMLReporter -->
<testsuite hostname="DESKTOP-8HC3KF0" name="Test" tests="10" failures="0" timestamp="26 Sep 2021 16:00:00 GMT" time="88.516" errors="0">
  <testcase name="runScenario" time="20.781" classname="com.urbanladder.runner.runner"/>
  <testcase name="runScenario" time="2.846" classname="com.urbanladder.runner.runner"/>
  <testcase name="runScenario" time="9.604" classname="com.urbanladder.runner.runner"/>
  <testcase name="runScenario" time="8.539" classname="com.urbanladder.runner.runner"/>
  <testcase name="runScenario" time="8.416" classname="com.urbanladder.runner.runner"/>
  <testcase name="runScenario" time="8.397" classname="com.urbanladder.runner.runner"/>
  <testcase name="runScenario" time="8.818" classname="com.urbanladder.runner.runner"/>
  <testcase name="runScenario" time="8.252" classname="com.urbanladder.runner.runner"/>
  <testcase name="runScenario" time="9.815" classname="com.urbanladder.runner.runner"/>
  <testcase name="runScenario" time="2.44" classname="com.urbanladder.runner.runner"/>
</testsuite> <!-- Test -->
