<?xml version="1.0" encoding="UTF-8"?>
<testsuite xmlns:xsi="http://www.w3.org/2001/XMLSchema-instance" xsi:noNamespaceSchemaLocation="https://maven.apache.org/surefire/maven-surefire-plugin/xsd/surefire-test-report-3.0.xsd" version="3.0" name="TestSuite" time="92.886" tests="10" errors="0" skipped="0" failures="0">
  <properties>
[...]
</properties>
  <testcase name="runScenario[&quot;Home page default login&quot;, &quot;Optional[Urban Ladder]&quot;](1)" classname="com.urbanladder.runner.runner" time="20.805">
    <system-out><![CDATA[21:28:42.014 [main] INFO  com.urbanladder.runner.runner - trail of log part1
hovered --------------------------------------------
waited
21:28:53.077 [main] INFO  com.urbanladder.runner.runner - trail of log part2
logged in
]]></system-out>
    <system-err><![CDATA[Starting ChromeDriver 92.0.4515.107 (87a818b10553a07434ea9e2b6dccf3cbe7895134-refs/branch-heads/4515@{#1634}) on port 48255
Only local connections are allowed.
Please see https://chromedriver.chromium.org/security-considerations for suggestions on keeping ChromeDriver safe.
ChromeDriver was started successfully.
[1632671918.747][WARNING]: This version of ChromeDriver has not been tested with Chrome version 93.
Sep 26, 2021 9:28:39 PM org.openqa.selenium.remote.ProtocolHandshake createSession
INFO: Detected dialect: W3C
]]></system-err>
  </testcase>
  <testcase name="runScenario[&quot;searching&quot;, &quot;Optional[Urban Ladder]&quot;](2)" classname="com.urbanladder.runner.runner" time="2.808">
    <system-out><![CDATA['Dining Table'
]]></system-out>
  </testcase>
  <testcase name="runScenario[&quot;sale&quot;, &quot;Optional[Urban Ladder]&quot;](3)" classname="com.urbanladder.runner.runner" time="9.605">
    <system-out><![CDATA[dropdown populated
Urban Ladder Furniture Stores
]]></system-out>
  </testcase>
  <testcase name="runScenario[&quot;living&quot;, &quot;Optional[Urban Ladder]&quot;](4)" classname="com.urbanladder.runner.runner" time="8.538">
    <system-out><![CDATA[dropdown populated
Sofa Sets
]]></system-out>
  </testcase>
  <testcase name="runScenario[&quot;bedroom&quot;, &quot;Optional[Urban Ladder]&quot;](5)" classname="com.urbanladder.runner.runner" time="8.417">
    <system-out><![CDATA[dropdown populated
Mattresses & Bedding
]]></system-out>
  </testcase>
  <testcase name="runScenario[&quot;storage&quot;, &quot;Optional[Urban Ladder]&quot;](6)" classname="com.urbanladder.runner.runner" time="8.397">
    <system-out><![CDATA[dropdown populated
Shop By Range
]]></system-out>
  </testcase>
  <testcase name="runScenario[&quot;study&quot;, &quot;Optional[Urban Ladder]&quot;](7)" classname="com.urbanladder.runner.runner" time="8.816">
    <system-out><![CDATA[dropdown populated
[[ChromeDriver: chrome on WINDOWS (2e392c46f860a59c87b841bd110effb4)] -> xpath: //*[@id="content"]/h1]
]]></system-out>
  </testcase>
  <testcase name="runScenario[&quot;kids room&quot;, &quot;Optional[Urban Ladder]&quot;](8)" classname="com.urbanladder.runner.runner" time="8.249">
    <system-out><![CDATA[dropdown populated
Kids Decor: Check 72 Amazing Designs & Buy Online - Urban Ladder
]]></system-out>
  </testcase>
  <testcase name="runScenario[&quot;gift cards&quot;, &quot;Optional[Urban Ladder]&quot;](9)" classname="com.urbanladder.runner.runner" time="9.815">
    <system-out><![CDATA[loading gift card page
Gift Card - Buy Gift Cards & Vouchers Online for Wedding, Birthday | Urban Ladder
]]></system-out>
  </testcase>
  <testcase name="runScenario[&quot;bulk orders&quot;, &quot;Optional[Urban Ladder]&quot;](10)" classname="com.urbanladder.runner.runner" time="2.44">
    <system-out><![CDATA[loading bulk order page
Buy In Bulk | Urban Ladder
]]></system-out>
  </testcase>
</testsuite>